[npm-install-with-retry] attempt 1/5: npm ci
npm warn EBADENGINE Unsupported engine {
npm warn EBADENGINE   package: '@link-assistant/hive-mind@2.1.9',
npm warn EBADENGINE   required: { node: '>=24.0.0' },
npm warn EBADENGINE   current: { node: 'v20.20.2', npm: '11.17.0' }
npm warn EBADENGINE }
npm warn EBADENGINE Unsupported engine {
npm warn EBADENGINE   package: '@secretlint/config-creator@13.0.2',
npm warn EBADENGINE   required: { node: '>=22.0.0' },
npm warn EBADENGINE   current: { node: 'v20.20.2', npm: '11.17.0' }
npm warn EBADENGINE }
npm warn EBADENGINE Unsupported engine {
npm warn EBADENGINE   package: '@secretlint/config-loader@13.0.2',
npm warn EBADENGINE   required: { node: '>=22.0.0' },
npm warn EBADENGINE   current: { node: 'v20.20.2', npm: '11.17.0' }
npm warn EBADENGINE }
npm warn EBADENGINE Unsupported engine {
npm warn EBADENGINE   package: '@secretlint/core@13.0.2',
npm warn EBADENGINE   required: { node: '>=22.0.0' },
npm warn EBADENGINE   current: { node: 'v20.20.2', npm: '11.17.0' }
npm warn EBADENGINE }
npm warn EBADENGINE Unsupported engine {
npm warn EBADENGINE   package: '@secretlint/formatter@13.0.2',
npm warn EBADENGINE   required: { node: '>=22.0.0' },
npm warn EBADENGINE   current: { node: 'v20.20.2', npm: '11.17.0' }
npm warn EBADENGINE }
npm warn EBADENGINE Unsupported engine {
npm warn EBADENGINE   package: '@secretlint/node@13.0.2',
npm warn EBADENGINE   required: { node: '>=22.0.0' },
npm warn EBADENGINE   current: { node: 'v20.20.2', npm: '11.17.0' }
npm warn EBADENGINE }
npm warn EBADENGINE Unsupported engine {
npm warn EBADENGINE   package: '@secretlint/secretlint-rule-preset-recommend@13.0.2',
npm warn EBADENGINE   required: { node: '>=22.0.0' },
npm warn EBADENGINE   current: { node: 'v20.20.2', npm: '11.17.0' }
npm warn EBADENGINE }
npm warn EBADENGINE Unsupported engine {
npm warn EBADENGINE   package: '@secretlint/source-creator@13.0.2',
npm warn EBADENGINE   required: { node: '>=22.0.0' },
npm warn EBADENGINE   current: { node: 'v20.20.2', npm: '11.17.0' }
npm warn EBADENGINE }
npm warn EBADENGINE Unsupported engine {
npm warn EBADENGINE   package: '@secretlint/types@13.0.2',
npm warn EBADENGINE   required: { node: '>=22.0.0' },
npm warn EBADENGINE   current: { node: 'v20.20.2', npm: '11.17.0' }
npm warn EBADENGINE }
npm warn EBADENGINE Unsupported engine {
npm warn EBADENGINE   package: '@secretlint/walker@13.0.2',
npm warn EBADENGINE   required: { node: '>=22.0.0' },
npm warn EBADENGINE   current: { node: 'v20.20.2', npm: '11.17.0' }
npm warn EBADENGINE }
npm warn EBADENGINE Unsupported engine {
npm warn EBADENGINE   package: 'commander@15.0.0',
npm warn EBADENGINE   required: { node: '>=22.12.0' },
npm warn EBADENGINE   current: { node: 'v20.20.2', npm: '11.17.0' }
npm warn EBADENGINE }
npm warn EBADENGINE Unsupported engine {
npm warn EBADENGINE   package: 'lint-staged@17.0.8',
npm warn EBADENGINE   required: { node: '>=22.22.1' },
npm warn EBADENGINE   current: { node: 'v20.20.2', npm: '11.17.0' }
npm warn EBADENGINE }
npm warn EBADENGINE Unsupported engine {
npm warn EBADENGINE   package: 'listr2@10.2.2',
npm warn EBADENGINE   required: { node: '>=22.13.0' },
npm warn EBADENGINE   current: { node: 'v20.20.2', npm: '11.17.0' }
npm warn EBADENGINE }
npm warn EBADENGINE Unsupported engine {
npm warn EBADENGINE   package: 'secretlint@13.0.2',
npm warn EBADENGINE   required: { node: '>=22.0.0' },
npm warn EBADENGINE   current: { node: 'v20.20.2', npm: '11.17.0' }
npm warn EBADENGINE }

> @link-assistant/hive-mind@2.1.9 prepare
> husky


added 443 packages, and audited 444 packages in 22s

95 packages are looking for funding
  run `npm fund` for details

2 vulnerabilities (1 moderate, 1 high)

To address all issues, run:
  npm audit fix

Run `npm audit` for details.
npm warn allow-scripts 1 package has install scripts not yet covered by allowScripts:
npm warn allow-scripts   @sentry/node-cpu-profiler@2.4.2 (install: node scripts/check-build.js)
npm warn allow-scripts
npm warn allow-scripts Run `npm approve-scripts --allow-scripts-pending` to review, or `npm approve-scripts <pkg>` to allow.
[npm-install-with-retry] ✅ npm ci succeeded on attempt 1
