npm verbose cli /home/box/.nvm/versions/node/v20.20.2/bin/node /home/box/.nvm/versions/node/v20.20.2/bin/npm
npm info using npm@11.17.0
npm info using node@v20.20.2
npm verbose title npm ci
npm verbose argv "ci" "--loglevel" "verbose"
npm verbose logfile logs-max:10 dir:/home/box/.npm/_logs/2026-06-21T18_05_40_942Z-
npm verbose logfile /home/box/.npm/_logs/2026-06-21T18_05_40_942Z-debug-0.log
npm warn EBADENGINE Unsupported engine {
npm warn EBADENGINE   package: '@link-assistant/hive-mind@2.0.13',
npm warn EBADENGINE   required: { node: '>=24.0.0' },
npm warn EBADENGINE   current: { node: 'v20.20.2', npm: '11.17.0' }
npm warn EBADENGINE }
npm http cache yocto-queue@https://registry.npmjs.org/yocto-queue/-/yocto-queue-0.1.0.tgz 1ms (cache hit)
npm http cache yargs-parser@https://registry.npmjs.org/yargs-parser/-/yargs-parser-21.1.1.tgz 0ms (cache hit)
npm http cache yargs@https://registry.npmjs.org/yargs/-/yargs-17.7.2.tgz 0ms (cache hit)
npm http cache y18n@https://registry.npmjs.org/y18n/-/y18n-5.0.8.tgz 0ms (cache hit)
npm http cache xtend@https://registry.npmjs.org/xtend/-/xtend-4.0.2.tgz 0ms (cache hit)
npm http cache wrap-ansi@https://registry.npmjs.org/wrap-ansi/-/wrap-ansi-9.0.2.tgz 0ms (cache hit)
npm http cache word-wrap@https://registry.npmjs.org/word-wrap/-/word-wrap-1.2.5.tgz 0ms (cache hit)
npm http cache with@https://registry.npmjs.org/with/-/with-7.0.2.tgz 0ms (cache hit)
npm http cache wrappy@https://registry.npmjs.org/wrappy/-/wrappy-1.0.2.tgz 0ms (cache hit)
npm http cache which@https://registry.npmjs.org/which/-/which-2.0.2.tgz 0ms (cache hit)
npm http cache yaml@https://registry.npmjs.org/yaml/-/yaml-2.8.2.tgz 0ms (cache hit)
npm http cache void-elements@https://registry.npmjs.org/void-elements/-/void-elements-3.1.0.tgz 0ms (cache hit)
npm http cache version-range@https://registry.npmjs.org/version-range/-/version-range-4.15.0.tgz 0ms (cache hit)
npm http cache validate-npm-package-license@https://registry.npmjs.org/validate-npm-package-license/-/validate-npm-package-license-3.0.4.tgz 0ms (cache hit)
npm http cache uri-js@https://registry.npmjs.org/uri-js/-/uri-js-4.4.1.tgz 0ms (cache hit)
npm http cache universalify@https://registry.npmjs.org/universalify/-/universalify-0.1.2.tgz 0ms (cache hit)
npm http cache unicorn-magic@https://registry.npmjs.org/unicorn-magic/-/unicorn-magic-0.1.0.tgz 0ms (cache hit)
npm http cache undici-types@https://registry.npmjs.org/undici-types/-/undici-types-7.12.0.tgz 0ms (cache hit)
npm http cache type-fest@https://registry.npmjs.org/type-fest/-/type-fest-4.41.0.tgz 0ms (cache hit)
npm http cache type-check@https://registry.npmjs.org/type-check/-/type-check-0.4.0.tgz 0ms (cache hit)
npm http cache token-stream@https://registry.npmjs.org/token-stream/-/token-stream-1.0.0.tgz 0ms (cache hit)
npm http cache to-regex-range@https://registry.npmjs.org/to-regex-range/-/to-regex-range-5.0.1.tgz 0ms (cache hit)
npm http cache tinyld@https://registry.npmjs.org/tinyld/-/tinyld-1.3.4.tgz 0ms (cache hit)
npm http cache textextensions@https://registry.npmjs.org/textextensions/-/textextensions-6.11.0.tgz 0ms (cache hit)
npm http cache text-table@https://registry.npmjs.org/text-table/-/text-table-0.2.0.tgz 0ms (cache hit)
npm http cache test-anywhere@https://registry.npmjs.org/test-anywhere/-/test-anywhere-0.9.1.tgz 0ms (cache hit)
npm http cache terminal-link@https://registry.npmjs.org/terminal-link/-/terminal-link-4.0.0.tgz 0ms (cache hit)
npm http cache term-size@https://registry.npmjs.org/term-size/-/term-size-2.2.1.tgz 0ms (cache hit)
npm http cache table@https://registry.npmjs.org/table/-/table-6.9.0.tgz 0ms (cache hit)
npm http cache synckit@https://registry.npmjs.org/synckit/-/synckit-0.11.11.tgz 0ms (cache hit)
npm http cache supports-preserve-symlinks-flag@https://registry.npmjs.org/supports-preserve-symlinks-flag/-/supports-preserve-symlinks-flag-1.0.0.tgz 0ms (cache hit)
npm http cache supports-hyperlinks@https://registry.npmjs.org/supports-hyperlinks/-/supports-hyperlinks-3.2.0.tgz 0ms (cache hit)
npm http cache supports-color@https://registry.npmjs.org/supports-color/-/supports-color-7.2.0.tgz 0ms (cache hit)
npm http cache structured-source@https://registry.npmjs.org/structured-source/-/structured-source-4.0.0.tgz 0ms (cache hit)
npm http cache strip-final-newline@https://registry.npmjs.org/strip-final-newline/-/strip-final-newline-2.0.0.tgz 0ms (cache hit)
npm http cache strip-bom@https://registry.npmjs.org/strip-bom/-/strip-bom-3.0.0.tgz 0ms (cache hit)
npm http cache strip-ansi@https://registry.npmjs.org/strip-ansi/-/strip-ansi-6.0.1.tgz 0ms (cache hit)
npm http cache strip-json-comments@https://registry.npmjs.org/strip-json-comments/-/strip-json-comments-3.1.1.tgz 0ms (cache hit)
npm http cache string-width@https://registry.npmjs.org/string-width/-/string-width-8.1.0.tgz 0ms (cache hit)
npm http cache string-argv@https://registry.npmjs.org/string-argv/-/string-argv-0.3.2.tgz 0ms (cache hit)
npm http cache sprintf-js@https://registry.npmjs.org/sprintf-js/-/sprintf-js-1.0.3.tgz 0ms (cache hit)
npm http cache spdx-license-ids@https://registry.npmjs.org/spdx-license-ids/-/spdx-license-ids-3.0.22.tgz 0ms (cache hit)
npm http cache spdx-expression-parse@https://registry.npmjs.org/spdx-expression-parse/-/spdx-expression-parse-3.0.1.tgz 0ms (cache hit)
npm http cache spdx-exceptions@https://registry.npmjs.org/spdx-exceptions/-/spdx-exceptions-2.5.0.tgz 0ms (cache hit)
npm http cache spawndamnit@https://registry.npmjs.org/spawndamnit/-/spawndamnit-3.0.1.tgz 0ms (cache hit)
npm http cache spdx-correct@https://registry.npmjs.org/spdx-correct/-/spdx-correct-3.2.0.tgz 0ms (cache hit)
npm http cache spark-md5@https://registry.npmjs.org/spark-md5/-/spark-md5-3.0.2.tgz 0ms (cache hit)
npm http cache slice-ansi@https://registry.npmjs.org/slice-ansi/-/slice-ansi-7.1.2.tgz 0ms (cache hit)
npm http cache slash@https://registry.npmjs.org/slash/-/slash-3.0.0.tgz 0ms (cache hit)
npm http cache signal-exit@https://registry.npmjs.org/signal-exit/-/signal-exit-4.1.0.tgz 0ms (cache hit)
npm http cache shimmer@https://registry.npmjs.org/shimmer/-/shimmer-1.2.1.tgz 0ms (cache hit)
npm http cache shebang-regex@https://registry.npmjs.org/shebang-regex/-/shebang-regex-3.0.0.tgz 0ms (cache hit)
npm http cache shebang-command@https://registry.npmjs.org/shebang-command/-/shebang-command-2.0.0.tgz 0ms (cache hit)
npm http cache semver@https://registry.npmjs.org/semver/-/semver-7.7.3.tgz 0ms (cache hit)
npm http cache secretlint@https://registry.npmjs.org/secretlint/-/secretlint-11.2.5.tgz 0ms (cache hit)
npm http cache safer-buffer@https://registry.npmjs.org/safer-buffer/-/safer-buffer-2.1.2.tgz 0ms (cache hit)
npm http cache run-parallel@https://registry.npmjs.org/run-parallel/-/run-parallel-1.2.0.tgz 0ms (cache hit)
npm http cache rfdc@https://registry.npmjs.org/rfdc/-/rfdc-1.4.1.tgz 0ms (cache hit)
npm http cache reusify@https://registry.npmjs.org/reusify/-/reusify-1.1.0.tgz 0ms (cache hit)
npm http cache restore-cursor@https://registry.npmjs.org/restore-cursor/-/restore-cursor-5.1.0.tgz 0ms (cache hit)
npm http cache resolve-from@https://registry.npmjs.org/resolve-from/-/resolve-from-4.0.0.tgz 0ms (cache hit)
npm http cache resolve@https://registry.npmjs.org/resolve/-/resolve-1.22.10.tgz 0ms (cache hit)
npm http cache require-in-the-middle@https://registry.npmjs.org/require-in-the-middle/-/require-in-the-middle-7.5.2.tgz 0ms (cache hit)
npm http cache require-from-string@https://registry.npmjs.org/require-from-string/-/require-from-string-2.0.2.tgz 0ms (cache hit)
npm http cache require-directory@https://registry.npmjs.org/require-directory/-/require-directory-2.1.1.tgz 0ms (cache hit)
npm http cache reprism@https://registry.npmjs.org/reprism/-/reprism-0.0.11.tgz 0ms (cache hit)
npm http cache repeat-string@https://registry.npmjs.org/repeat-string/-/repeat-string-1.6.1.tgz 0ms (cache hit)
npm http cache read-pkg@https://registry.npmjs.org/read-pkg/-/read-pkg-9.0.1.tgz 0ms (cache hit)
npm http cache rc-config-loader@https://registry.npmjs.org/rc-config-loader/-/rc-config-loader-4.1.3.tgz 0ms (cache hit)
npm http cache read-yaml-file@https://registry.npmjs.org/read-yaml-file/-/read-yaml-file-1.1.0.tgz 0ms (cache hit)
npm http cache queue-microtask@https://registry.npmjs.org/queue-microtask/-/queue-microtask-1.2.3.tgz 0ms (cache hit)
npm http cache quansync@https://registry.npmjs.org/quansync/-/quansync-0.2.11.tgz 0ms (cache hit)
npm http cache punycode@https://registry.npmjs.org/punycode/-/punycode-2.3.1.tgz 0ms (cache hit)
npm http cache pump@https://registry.npmjs.org/pump/-/pump-3.0.3.tgz 0ms (cache hit)
npm http cache pug-walk@https://registry.npmjs.org/pug-walk/-/pug-walk-2.0.0.tgz 0ms (cache hit)
npm http cache pug-strip-comments@https://registry.npmjs.org/pug-strip-comments/-/pug-strip-comments-2.0.0.tgz 0ms (cache hit)
npm http cache pug-runtime@https://registry.npmjs.org/pug-runtime/-/pug-runtime-3.0.1.tgz 0ms (cache hit)
npm http cache pug-parser@https://registry.npmjs.org/pug-parser/-/pug-parser-6.0.0.tgz 0ms (cache hit)
npm http cache pug-load@https://registry.npmjs.org/pug-load/-/pug-load-3.0.0.tgz 0ms (cache hit)
npm http cache pug-linker@https://registry.npmjs.org/pug-linker/-/pug-linker-4.0.0.tgz 0ms (cache hit)
npm http cache pug-lexer@https://registry.npmjs.org/pug-lexer/-/pug-lexer-5.0.1.tgz 0ms (cache hit)
npm http cache pug-filters@https://registry.npmjs.org/pug-filters/-/pug-filters-4.0.0.tgz 0ms (cache hit)
npm http cache pug-error@https://registry.npmjs.org/pug-error/-/pug-error-2.1.0.tgz 0ms (cache hit)
npm http cache pug-code-gen@https://registry.npmjs.org/pug-code-gen/-/pug-code-gen-3.0.3.tgz 0ms (cache hit)
npm http cache pug-attrs@https://registry.npmjs.org/pug-attrs/-/pug-attrs-3.0.0.tgz 0ms (cache hit)
npm http cache promise@https://registry.npmjs.org/promise/-/promise-7.3.1.tgz 0ms (cache hit)
npm http cache pug@https://registry.npmjs.org/pug/-/pug-3.0.3.tgz 0ms (cache hit)
npm http cache prettier-linter-helpers@https://registry.npmjs.org/prettier-linter-helpers/-/prettier-linter-helpers-1.0.0.tgz 0ms (cache hit)
npm http cache prelude-ls@https://registry.npmjs.org/prelude-ls/-/prelude-ls-1.2.1.tgz 0ms (cache hit)
npm http cache postgres-interval@https://registry.npmjs.org/postgres-interval/-/postgres-interval-1.2.0.tgz 0ms (cache hit)
npm http cache prettier@https://registry.npmjs.org/prettier/-/prettier-3.7.4.tgz 0ms (cache hit)
npm http cache postgres-date@https://registry.npmjs.org/postgres-date/-/postgres-date-1.0.7.tgz 0ms (cache hit)
npm http cache postgres-bytea@https://registry.npmjs.org/postgres-bytea/-/postgres-bytea-1.0.0.tgz 0ms (cache hit)
npm http cache postgres-array@https://registry.npmjs.org/postgres-array/-/postgres-array-2.0.0.tgz 0ms (cache hit)
npm http cache pluralize@https://registry.npmjs.org/pluralize/-/pluralize-8.0.0.tgz 0ms (cache hit)
npm http cache pify@https://registry.npmjs.org/pify/-/pify-4.0.1.tgz 0ms (cache hit)
npm http cache pidtree@https://registry.npmjs.org/pidtree/-/pidtree-0.6.0.tgz 0ms (cache hit)
npm http cache picomatch@https://registry.npmjs.org/picomatch/-/picomatch-2.3.1.tgz 0ms (cache hit)
npm http cache picocolors@https://registry.npmjs.org/picocolors/-/picocolors-1.1.1.tgz 0ms (cache hit)
npm http cache pg-types@https://registry.npmjs.org/pg-types/-/pg-types-2.2.0.tgz 0ms (cache hit)
npm http cache pg-protocol@https://registry.npmjs.org/pg-protocol/-/pg-protocol-1.10.3.tgz 0ms (cache hit)
npm http cache pg-int8@https://registry.npmjs.org/pg-int8/-/pg-int8-1.0.1.tgz 0ms (cache hit)
npm http cache path-type@https://registry.npmjs.org/path-type/-/path-type-4.0.0.tgz 0ms (cache hit)
npm http cache path-parse@https://registry.npmjs.org/path-parse/-/path-parse-1.0.7.tgz 0ms (cache hit)
npm http cache path-key@https://registry.npmjs.org/path-key/-/path-key-3.1.1.tgz 0ms (cache hit)
npm http cache path-exists@https://registry.npmjs.org/path-exists/-/path-exists-4.0.0.tgz 0ms (cache hit)
npm http cache parse-json@https://registry.npmjs.org/parse-json/-/parse-json-8.3.0.tgz 0ms (cache hit)
npm http cache parent-module@https://registry.npmjs.org/parent-module/-/parent-module-1.0.1.tgz 0ms (cache hit)
npm http cache package-manager-detector@https://registry.npmjs.org/package-manager-detector/-/package-manager-detector-0.2.11.tgz 0ms (cache hit)
npm http cache p-try@https://registry.npmjs.org/p-try/-/p-try-2.2.0.tgz 0ms (cache hit)
npm http cache p-map@https://registry.npmjs.org/p-map/-/p-map-2.1.0.tgz 0ms (cache hit)
npm http cache p-limit@https://registry.npmjs.org/p-limit/-/p-limit-3.1.0.tgz 0ms (cache hit)
npm http cache p-filter@https://registry.npmjs.org/p-filter/-/p-filter-2.1.0.tgz 0ms (cache hit)
npm http cache outdent@https://registry.npmjs.org/outdent/-/outdent-0.5.0.tgz 0ms (cache hit)
npm http cache optionator@https://registry.npmjs.org/optionator/-/optionator-0.9.4.tgz 0ms (cache hit)
npm http cache p-locate@https://registry.npmjs.org/p-locate/-/p-locate-5.0.0.tgz 0ms (cache hit)
npm http cache onetime@https://registry.npmjs.org/onetime/-/onetime-7.0.0.tgz 0ms (cache hit)
npm http cache once@https://registry.npmjs.org/once/-/once-1.4.0.tgz 0ms (cache hit)
npm http cache object-assign@https://registry.npmjs.org/object-assign/-/object-assign-4.1.1.tgz 0ms (cache hit)
npm http cache npm-run-path@https://registry.npmjs.org/npm-run-path/-/npm-run-path-4.0.1.tgz 0ms (cache hit)
npm http cache normalize-package-data@https://registry.npmjs.org/normalize-package-data/-/normalize-package-data-6.0.2.tgz 0ms (cache hit)
npm http cache node-sarif-builder@https://registry.npmjs.org/node-sarif-builder/-/node-sarif-builder-3.4.0.tgz 0ms (cache hit)
npm http cache node-abi@https://registry.npmjs.org/node-abi/-/node-abi-3.77.0.tgz 0ms (cache hit)
npm http cache natural-compare@https://registry.npmjs.org/natural-compare/-/natural-compare-1.4.0.tgz 0ms (cache hit)
npm http cache nano-spawn@https://registry.npmjs.org/nano-spawn/-/nano-spawn-2.0.0.tgz 0ms (cache hit)
npm http cache ms@https://registry.npmjs.org/ms/-/ms-2.1.3.tgz 0ms (cache hit)
npm http cache mri@https://registry.npmjs.org/mri/-/mri-1.2.0.tgz 0ms (cache hit)
npm http cache module-details-from-path@https://registry.npmjs.org/module-details-from-path/-/module-details-from-path-1.0.4.tgz 0ms (cache hit)
npm http cache minimatch@https://registry.npmjs.org/minimatch/-/minimatch-3.1.2.tgz 0ms (cache hit)
npm http cache mimic-function@https://registry.npmjs.org/mimic-function/-/mimic-function-5.0.1.tgz 0ms (cache hit)
npm http cache mimic-fn@https://registry.npmjs.org/mimic-fn/-/mimic-fn-2.1.0.tgz 0ms (cache hit)
npm http cache micromatch@https://registry.npmjs.org/micromatch/-/micromatch-4.0.8.tgz 0ms (cache hit)
npm http cache merge2@https://registry.npmjs.org/merge2/-/merge2-1.4.1.tgz 0ms (cache hit)
npm http cache merge-stream@https://registry.npmjs.org/merge-stream/-/merge-stream-2.0.0.tgz 0ms (cache hit)
npm http cache math-intrinsics@https://registry.npmjs.org/math-intrinsics/-/math-intrinsics-1.1.0.tgz 0ms (cache hit)
npm http cache markdown-table@https://registry.npmjs.org/markdown-table/-/markdown-table-2.0.0.tgz 0ms (cache hit)
npm http cache lru-cache@https://registry.npmjs.org/lru-cache/-/lru-cache-10.4.3.tgz 0ms (cache hit)
npm http cache log-update@https://registry.npmjs.org/log-update/-/log-update-6.1.0.tgz 0ms (cache hit)
npm http cache lodash.truncate@https://registry.npmjs.org/lodash.truncate/-/lodash.truncate-4.4.2.tgz 0ms (cache hit)
npm http cache lodash.startcase@https://registry.npmjs.org/lodash.startcase/-/lodash.startcase-4.4.0.tgz 0ms (cache hit)
npm http cache lodash.merge@https://registry.npmjs.org/lodash.merge/-/lodash.merge-4.6.2.tgz 0ms (cache hit)
npm http cache lodash@https://registry.npmjs.org/lodash/-/lodash-4.17.21.tgz 0ms (cache hit)
npm http cache locate-path@https://registry.npmjs.org/locate-path/-/locate-path-6.0.0.tgz 0ms (cache hit)
npm http cache listr2@https://registry.npmjs.org/listr2/-/listr2-9.0.5.tgz 0ms (cache hit)
npm http cache lint-staged@https://registry.npmjs.org/lint-staged/-/lint-staged-16.2.7.tgz 0ms (cache hit)
npm http cache lino-objects-codec@https://registry.npmjs.org/lino-objects-codec/-/lino-objects-codec-0.3.6.tgz 0ms (cache hit)
npm http cache lino-i18n@https://registry.npmjs.org/lino-i18n/-/lino-i18n-0.1.1.tgz 0ms (cache hit)
npm http cache lino-env@https://registry.npmjs.org/lino-env/-/lino-env-0.2.8.tgz 0ms (cache hit)
npm http cache lino-arguments@https://registry.npmjs.org/lino-arguments/-/lino-arguments-0.3.0.tgz 0ms (cache hit)
npm http cache links-notation@https://registry.npmjs.org/links-notation/-/links-notation-0.11.2.tgz 0ms (cache hit)
npm http cache levn@https://registry.npmjs.org/levn/-/levn-0.4.1.tgz 0ms (cache hit)
npm http cache keyv@https://registry.npmjs.org/keyv/-/keyv-4.5.4.tgz 0ms (cache hit)
npm http cache jstransformer@https://registry.npmjs.org/jstransformer/-/jstransformer-1.0.0.tgz 0ms (cache hit)
npm http cache jsonfile@https://registry.npmjs.org/jsonfile/-/jsonfile-4.0.0.tgz 0ms (cache hit)
npm http cache json5@https://registry.npmjs.org/json5/-/json5-2.2.3.tgz 0ms (cache hit)
npm http cache json-stable-stringify-without-jsonify@https://registry.npmjs.org/json-stable-stringify-without-jsonify/-/json-stable-stringify-without-jsonify-1.0.1.tgz 0ms (cache hit)
npm http cache json-schema-traverse@https://registry.npmjs.org/json-schema-traverse/-/json-schema-traverse-0.4.1.tgz 0ms (cache hit)
npm http cache json-buffer@https://registry.npmjs.org/json-buffer/-/json-buffer-3.0.1.tgz 0ms (cache hit)
npm http cache jscpd-sarif-reporter@https://registry.npmjs.org/jscpd-sarif-reporter/-/jscpd-sarif-reporter-4.0.6.tgz 0ms (cache hit)
npm http cache jscpd@https://registry.npmjs.org/jscpd/-/jscpd-4.0.8.tgz 0ms (cache hit)
npm http cache js-yaml@https://registry.npmjs.org/js-yaml/-/js-yaml-4.1.1.tgz 0ms (cache hit)
npm http cache js-tokens@https://registry.npmjs.org/js-tokens/-/js-tokens-4.0.0.tgz 0ms (cache hit)
npm http cache js-stringify@https://registry.npmjs.org/js-stringify/-/js-stringify-1.0.2.tgz 0ms (cache hit)
npm http cache istextorbinary@https://registry.npmjs.org/istextorbinary/-/istextorbinary-9.5.0.tgz 0ms (cache hit)
npm http cache isexe@https://registry.npmjs.org/isexe/-/isexe-2.0.0.tgz 0ms (cache hit)
npm http cache is-windows@https://registry.npmjs.org/is-windows/-/is-windows-1.0.2.tgz 0ms (cache hit)
npm http cache is-subdir@https://registry.npmjs.org/is-subdir/-/is-subdir-1.2.0.tgz 0ms (cache hit)
npm http cache is-stream@https://registry.npmjs.org/is-stream/-/is-stream-2.0.1.tgz 0ms (cache hit)
npm http cache is-regex@https://registry.npmjs.org/is-regex/-/is-regex-1.2.1.tgz 0ms (cache hit)
npm http cache is-promise@https://registry.npmjs.org/is-promise/-/is-promise-2.2.2.tgz 0ms (cache hit)
npm http cache is-number@https://registry.npmjs.org/is-number/-/is-number-7.0.0.tgz 0ms (cache hit)
npm http cache is-glob@https://registry.npmjs.org/is-glob/-/is-glob-4.0.3.tgz 0ms (cache hit)
npm http cache is-fullwidth-code-point@https://registry.npmjs.org/is-fullwidth-code-point/-/is-fullwidth-code-point-5.1.0.tgz 0ms (cache hit)
npm http cache is-extglob@https://registry.npmjs.org/is-extglob/-/is-extglob-2.1.1.tgz 0ms (cache hit)
npm http cache is-expression@https://registry.npmjs.org/is-expression/-/is-expression-4.0.0.tgz 0ms (cache hit)
npm http cache is-core-module@https://registry.npmjs.org/is-core-module/-/is-core-module-2.16.1.tgz 0ms (cache hit)
npm http cache index-to-position@https://registry.npmjs.org/index-to-position/-/index-to-position-1.2.0.tgz 0ms (cache hit)
npm http cache imurmurhash@https://registry.npmjs.org/imurmurhash/-/imurmurhash-0.1.4.tgz 0ms (cache hit)
npm http cache import-in-the-middle@https://registry.npmjs.org/import-in-the-middle/-/import-in-the-middle-1.14.2.tgz 0ms (cache hit)
npm http cache import-fresh@https://registry.npmjs.org/import-fresh/-/import-fresh-3.3.1.tgz 0ms (cache hit)
npm http cache iconv-lite@https://registry.npmjs.org/iconv-lite/-/iconv-lite-0.7.1.tgz 0ms (cache hit)
npm http cache husky@https://registry.npmjs.org/husky/-/husky-9.1.7.tgz 0ms (cache hit)
npm http cache human-signals@https://registry.npmjs.org/human-signals/-/human-signals-1.1.1.tgz 0ms (cache hit)
npm http cache human-id@https://registry.npmjs.org/human-id/-/human-id-4.1.3.tgz 0ms (cache hit)
npm http cache hosted-git-info@https://registry.npmjs.org/hosted-git-info/-/hosted-git-info-7.0.2.tgz 0ms (cache hit)
npm http cache hasown@https://registry.npmjs.org/hasown/-/hasown-2.0.2.tgz 0ms (cache hit)
npm http cache has-tostringtag@https://registry.npmjs.org/has-tostringtag/-/has-tostringtag-1.0.2.tgz 0ms (cache hit)
npm http cache has-symbols@https://registry.npmjs.org/has-symbols/-/has-symbols-1.1.0.tgz 0ms (cache hit)
npm http cache has-flag@https://registry.npmjs.org/has-flag/-/has-flag-4.0.0.tgz 0ms (cache hit)
npm http cache graceful-fs@https://registry.npmjs.org/graceful-fs/-/graceful-fs-4.2.11.tgz 0ms (cache hit)
npm http cache gopd@https://registry.npmjs.org/gopd/-/gopd-1.2.0.tgz 0ms (cache hit)
npm http cache globby@https://registry.npmjs.org/globby/-/globby-11.1.0.tgz 0ms (cache hit)
npm http cache globals@https://registry.npmjs.org/globals/-/globals-14.0.0.tgz 0ms (cache hit)
npm http cache glob-parent@https://registry.npmjs.org/glob-parent/-/glob-parent-6.0.2.tgz 0ms (cache hit)
npm http cache gitignore-to-glob@https://registry.npmjs.org/gitignore-to-glob/-/gitignore-to-glob-0.3.0.tgz 0ms (cache hit)
npm http cache getenv@https://registry.npmjs.org/getenv/-/getenv-2.0.0.tgz 0ms (cache hit)
npm http cache get-stream@https://registry.npmjs.org/get-stream/-/get-stream-5.2.0.tgz 0ms (cache hit)
npm http cache get-proto@https://registry.npmjs.org/get-proto/-/get-proto-1.0.1.tgz 0ms (cache hit)
npm http cache get-intrinsic@https://registry.npmjs.org/get-intrinsic/-/get-intrinsic-1.3.0.tgz 0ms (cache hit)
npm http cache get-east-asian-width@https://registry.npmjs.org/get-east-asian-width/-/get-east-asian-width-1.4.0.tgz 0ms (cache hit)
npm http cache get-caller-file@https://registry.npmjs.org/get-caller-file/-/get-caller-file-2.0.5.tgz 0ms (cache hit)
npm http cache function-bind@https://registry.npmjs.org/function-bind/-/function-bind-1.1.2.tgz 0ms (cache hit)
npm http cache fs-extra@https://registry.npmjs.org/fs-extra/-/fs-extra-7.0.1.tgz 0ms (cache hit)
npm http cache forwarded-parse@https://registry.npmjs.org/forwarded-parse/-/forwarded-parse-2.1.2.tgz 0ms (cache hit)
npm http cache flatted@https://registry.npmjs.org/flatted/-/flatted-3.3.3.tgz 0ms (cache hit)
npm http cache flat-cache@https://registry.npmjs.org/flat-cache/-/flat-cache-4.0.1.tgz 0ms (cache hit)
npm http cache find-up@https://registry.npmjs.org/find-up/-/find-up-5.0.0.tgz 0ms (cache hit)
npm http cache fill-range@https://registry.npmjs.org/fill-range/-/fill-range-7.1.1.tgz 0ms (cache hit)
npm http cache file-entry-cache@https://registry.npmjs.org/file-entry-cache/-/file-entry-cache-8.0.0.tgz 0ms (cache hit)
npm http cache fastq@https://registry.npmjs.org/fastq/-/fastq-1.19.1.tgz 0ms (cache hit)
npm http cache fast-uri@https://registry.npmjs.org/fast-uri/-/fast-uri-3.1.0.tgz 0ms (cache hit)
npm http cache fast-levenshtein@https://registry.npmjs.org/fast-levenshtein/-/fast-levenshtein-2.0.6.tgz 0ms (cache hit)
npm http cache fast-json-stable-stringify@https://registry.npmjs.org/fast-json-stable-stringify/-/fast-json-stable-stringify-2.1.0.tgz 0ms (cache hit)
npm http cache fast-glob@https://registry.npmjs.org/fast-glob/-/fast-glob-3.3.3.tgz 0ms (cache hit)
npm http cache fast-diff@https://registry.npmjs.org/fast-diff/-/fast-diff-1.3.0.tgz 0ms (cache hit)
npm http cache fast-deep-equal@https://registry.npmjs.org/fast-deep-equal/-/fast-deep-equal-3.1.3.tgz 0ms (cache hit)
npm http cache extendable-error@https://registry.npmjs.org/extendable-error/-/extendable-error-0.1.7.tgz 0ms (cache hit)
npm http cache execa@https://registry.npmjs.org/execa/-/execa-4.1.0.tgz 0ms (cache hit)
npm http cache eventemitter3@https://registry.npmjs.org/eventemitter3/-/eventemitter3-5.0.1.tgz 0ms (cache hit)
npm http cache esutils@https://registry.npmjs.org/esutils/-/esutils-2.0.3.tgz 0ms (cache hit)
npm http cache estraverse@https://registry.npmjs.org/estraverse/-/estraverse-5.3.0.tgz 0ms (cache hit)
npm http cache esrecurse@https://registry.npmjs.org/esrecurse/-/esrecurse-4.3.0.tgz 0ms (cache hit)
npm http cache esquery@https://registry.npmjs.org/esquery/-/esquery-1.6.0.tgz 0ms (cache hit)
npm http cache esprima@https://registry.npmjs.org/esprima/-/esprima-4.0.1.tgz 0ms (cache hit)
npm http cache espree@https://registry.npmjs.org/espree/-/espree-10.4.0.tgz 0ms (cache hit)
npm http cache eslint-visitor-keys@https://registry.npmjs.org/eslint-visitor-keys/-/eslint-visitor-keys-4.2.1.tgz 0ms (cache hit)
npm http cache eslint-scope@https://registry.npmjs.org/eslint-scope/-/eslint-scope-8.4.0.tgz 0ms (cache hit)
npm http cache eslint-plugin-prettier@https://registry.npmjs.org/eslint-plugin-prettier/-/eslint-plugin-prettier-5.5.4.tgz 0ms (cache hit)
npm http cache eslint-config-prettier@https://registry.npmjs.org/eslint-config-prettier/-/eslint-config-prettier-10.1.8.tgz 0ms (cache hit)
npm http cache eslint@https://registry.npmjs.org/eslint/-/eslint-9.35.0.tgz 0ms (cache hit)
npm http cache escape-string-regexp@https://registry.npmjs.org/escape-string-regexp/-/escape-string-regexp-4.0.0.tgz 0ms (cache hit)
npm http cache escalade@https://registry.npmjs.org/escalade/-/escalade-3.2.0.tgz 0ms (cache hit)
npm http cache es-object-atoms@https://registry.npmjs.org/es-object-atoms/-/es-object-atoms-1.1.1.tgz 0ms (cache hit)
npm http cache es-errors@https://registry.npmjs.org/es-errors/-/es-errors-1.3.0.tgz 0ms (cache hit)
npm http cache es-define-property@https://registry.npmjs.org/es-define-property/-/es-define-property-1.0.1.tgz 0ms (cache hit)
npm http cache environment@https://registry.npmjs.org/environment/-/environment-1.1.0.tgz 0ms (cache hit)
npm http cache enquirer@https://registry.npmjs.org/enquirer/-/enquirer-2.4.1.tgz 0ms (cache hit)
npm http cache end-of-stream@https://registry.npmjs.org/end-of-stream/-/end-of-stream-1.4.5.tgz 0ms (cache hit)
npm http cache emoji-regex@https://registry.npmjs.org/emoji-regex/-/emoji-regex-10.6.0.tgz 0ms (cache hit)
npm http cache editions@https://registry.npmjs.org/editions/-/editions-6.22.0.tgz 0ms (cache hit)
npm http cache dunder-proto@https://registry.npmjs.org/dunder-proto/-/dunder-proto-1.0.1.tgz 0ms (cache hit)
npm http cache doctypes@https://registry.npmjs.org/doctypes/-/doctypes-1.1.0.tgz 0ms (cache hit)
npm http cache dir-glob@https://registry.npmjs.org/dir-glob/-/dir-glob-3.0.1.tgz 0ms (cache hit)
npm http cache detect-libc@https://registry.npmjs.org/detect-libc/-/detect-libc-2.1.0.tgz 0ms (cache hit)
npm http cache detect-indent@https://registry.npmjs.org/detect-indent/-/detect-indent-6.1.0.tgz 0ms (cache hit)
npm http cache deep-is@https://registry.npmjs.org/deep-is/-/deep-is-0.1.4.tgz 0ms (cache hit)
npm http cache decimal.js-light@https://registry.npmjs.org/decimal.js-light/-/decimal.js-light-2.5.1.tgz 0ms (cache hit)
npm http cache debug@https://registry.npmjs.org/debug/-/debug-4.4.3.tgz 0ms (cache hit)
npm http cache dayjs@https://registry.npmjs.org/dayjs/-/dayjs-1.11.19.tgz 0ms (cache hit)
npm http cache cross-spawn@https://registry.npmjs.org/cross-spawn/-/cross-spawn-7.0.6.tgz 0ms (cache hit)
npm http cache constantinople@https://registry.npmjs.org/constantinople/-/constantinople-4.0.1.tgz 0ms (cache hit)
npm http cache concat-map@https://registry.npmjs.org/concat-map/-/concat-map-0.0.1.tgz 0ms (cache hit)
npm http cache commander@https://registry.npmjs.org/commander/-/commander-14.0.2.tgz 0ms (cache hit)
npm http cache colors@https://registry.npmjs.org/colors/-/colors-1.4.0.tgz 0ms (cache hit)
npm http cache colorette@https://registry.npmjs.org/colorette/-/colorette-2.0.20.tgz 0ms (cache hit)
npm http cache color-name@https://registry.npmjs.org/color-name/-/color-name-1.1.4.tgz 0ms (cache hit)
npm http cache color-convert@https://registry.npmjs.org/color-convert/-/color-convert-2.0.1.tgz 0ms (cache hit)
npm http cache cliui@https://registry.npmjs.org/cliui/-/cliui-8.0.1.tgz 0ms (cache hit)
npm http cache cli-truncate@https://registry.npmjs.org/cli-truncate/-/cli-truncate-5.1.1.tgz 0ms (cache hit)
npm http cache cli-table3@https://registry.npmjs.org/cli-table3/-/cli-table3-0.6.5.tgz 0ms (cache hit)
npm http cache cli-cursor@https://registry.npmjs.org/cli-cursor/-/cli-cursor-5.0.0.tgz 0ms (cache hit)
npm http cache cjs-module-lexer@https://registry.npmjs.org/cjs-module-lexer/-/cjs-module-lexer-1.4.3.tgz 0ms (cache hit)
npm http cache ci-info@https://registry.npmjs.org/ci-info/-/ci-info-3.9.0.tgz 0ms (cache hit)
npm http cache chardet@https://registry.npmjs.org/chardet/-/chardet-2.1.1.tgz 0ms (cache hit)
npm http cache character-parser@https://registry.npmjs.org/character-parser/-/character-parser-2.2.0.tgz 0ms (cache hit)
npm http cache chalk@https://registry.npmjs.org/chalk/-/chalk-4.1.2.tgz 0ms (cache hit)
npm http cache callsites@https://registry.npmjs.org/callsites/-/callsites-3.1.0.tgz 0ms (cache hit)
npm http cache call-bound@https://registry.npmjs.org/call-bound/-/call-bound-1.0.4.tgz 0ms (cache hit)
npm http cache call-bind-apply-helpers@https://registry.npmjs.org/call-bind-apply-helpers/-/call-bind-apply-helpers-1.0.2.tgz 0ms (cache hit)
npm http cache bytes@https://registry.npmjs.org/bytes/-/bytes-3.1.2.tgz 0ms (cache hit)
npm http cache braces@https://registry.npmjs.org/braces/-/braces-3.0.3.tgz 0ms (cache hit)
npm http cache brace-expansion@https://registry.npmjs.org/brace-expansion/-/brace-expansion-1.1.12.tgz 0ms (cache hit)
npm http cache boundary@https://registry.npmjs.org/boundary/-/boundary-2.0.0.tgz 0ms (cache hit)
npm http cache blamer@https://registry.npmjs.org/blamer/-/blamer-1.0.7.tgz 0ms (cache hit)
npm http cache binaryextensions@https://registry.npmjs.org/binaryextensions/-/binaryextensions-6.11.0.tgz 0ms (cache hit)
npm http cache better-path-resolve@https://registry.npmjs.org/better-path-resolve/-/better-path-resolve-1.0.0.tgz 0ms (cache hit)
npm http cache balanced-match@https://registry.npmjs.org/balanced-match/-/balanced-match-1.0.2.tgz 0ms (cache hit)
npm http cache badgen@https://registry.npmjs.org/badgen/-/badgen-3.2.3.tgz 0ms (cache hit)
npm http cache babel-walk@https://registry.npmjs.org/babel-walk/-/babel-walk-3.0.0-canary-5.tgz 0ms (cache hit)
npm http cache astral-regex@https://registry.npmjs.org/astral-regex/-/astral-regex-2.0.0.tgz 0ms (cache hit)
npm http cache assert-never@https://registry.npmjs.org/assert-never/-/assert-never-1.4.0.tgz 0ms (cache hit)
npm http cache asap@https://registry.npmjs.org/asap/-/asap-2.0.6.tgz 0ms (cache hit)
npm http cache array-union@https://registry.npmjs.org/array-union/-/array-union-2.1.0.tgz 0ms (cache hit)
npm http cache argparse@https://registry.npmjs.org/argparse/-/argparse-2.0.1.tgz 0ms (cache hit)
npm http cache ansi-styles@https://registry.npmjs.org/ansi-styles/-/ansi-styles-4.3.0.tgz 0ms (cache hit)
npm http cache ansi-regex@https://registry.npmjs.org/ansi-regex/-/ansi-regex-5.0.1.tgz 0ms (cache hit)
npm http cache ansi-escapes@https://registry.npmjs.org/ansi-escapes/-/ansi-escapes-7.2.0.tgz 0ms (cache hit)
npm http cache ansi-colors@https://registry.npmjs.org/ansi-colors/-/ansi-colors-4.1.3.tgz 0ms (cache hit)
npm http cache ajv@https://registry.npmjs.org/ajv/-/ajv-6.12.6.tgz 0ms (cache hit)
npm http cache agent-commander@https://registry.npmjs.org/agent-commander/-/agent-commander-0.6.1.tgz 0ms (cache hit)
npm http cache acorn-jsx@https://registry.npmjs.org/acorn-jsx/-/acorn-jsx-5.3.2.tgz 0ms (cache hit)
npm http cache acorn-import-attributes@https://registry.npmjs.org/acorn-import-attributes/-/acorn-import-attributes-1.9.5.tgz 0ms (cache hit)
npm http cache acorn@https://registry.npmjs.org/acorn/-/acorn-8.15.0.tgz 0ms (cache hit)
npm http cache @types/tedious@https://registry.npmjs.org/@types/tedious/-/tedious-4.0.14.tgz 0ms (cache hit)
npm http cache @types/shimmer@https://registry.npmjs.org/@types/shimmer/-/shimmer-1.2.0.tgz 0ms (cache hit)
npm http cache @types/sarif@https://registry.npmjs.org/@types/sarif/-/sarif-2.1.7.tgz 0ms (cache hit)
npm http cache @types/pg-pool@https://registry.npmjs.org/@types/pg-pool/-/pg-pool-2.0.6.tgz 1ms (cache hit)
npm http cache @types/pg@https://registry.npmjs.org/@types/pg/-/pg-8.15.5.tgz 0ms (cache hit)
npm http cache @types/normalize-package-data@https://registry.npmjs.org/@types/normalize-package-data/-/normalize-package-data-2.4.4.tgz 0ms (cache hit)
npm http cache @types/node@https://registry.npmjs.org/@types/node/-/node-24.5.2.tgz 0ms (cache hit)
npm http cache @types/mysql@https://registry.npmjs.org/@types/mysql/-/mysql-2.15.27.tgz 0ms (cache hit)
npm http cache @types/json-schema@https://registry.npmjs.org/@types/json-schema/-/json-schema-7.0.15.tgz 0ms (cache hit)
npm http cache @types/estree@https://registry.npmjs.org/@types/estree/-/estree-1.0.8.tgz 0ms (cache hit)
npm http cache @types/connect@https://registry.npmjs.org/@types/connect/-/connect-3.4.38.tgz 0ms (cache hit)
npm http cache @textlint/types@https://registry.npmjs.org/@textlint/types/-/types-15.5.0.tgz 0ms (cache hit)
npm http cache @textlint/resolver@https://registry.npmjs.org/@textlint/resolver/-/resolver-15.5.0.tgz 0ms (cache hit)
npm http cache @textlint/module-interop@https://registry.npmjs.org/@textlint/module-interop/-/module-interop-15.5.0.tgz 0ms (cache hit)
npm http cache @textlint/linter-formatter@https://registry.npmjs.org/@textlint/linter-formatter/-/linter-formatter-15.5.0.tgz 0ms (cache hit)
npm http cache @textlint/ast-node-types@https://registry.npmjs.org/@textlint/ast-node-types/-/ast-node-types-15.5.0.tgz 0ms (cache hit)
npm http cache @sindresorhus/merge-streams@https://registry.npmjs.org/@sindresorhus/merge-streams/-/merge-streams-2.3.0.tgz 0ms (cache hit)
npm http cache @sentry/profiling-node@https://registry.npmjs.org/@sentry/profiling-node/-/profiling-node-10.15.0.tgz 0ms (cache hit)
npm http cache @sentry/opentelemetry@https://registry.npmjs.org/@sentry/opentelemetry/-/opentelemetry-10.15.0.tgz 0ms (cache hit)
npm http cache @sentry/node-core@https://registry.npmjs.org/@sentry/node-core/-/node-core-10.15.0.tgz 0ms (cache hit)
npm http cache @sentry/node@https://registry.npmjs.org/@sentry/node/-/node-10.15.0.tgz 0ms (cache hit)
npm http cache @sentry/core@https://registry.npmjs.org/@sentry/core/-/core-10.15.0.tgz 0ms (cache hit)
npm http cache @sentry-internal/node-cpu-profiler@https://registry.npmjs.org/@sentry-internal/node-cpu-profiler/-/node-cpu-profiler-2.2.0.tgz 0ms (cache hit)
npm http cache @secretlint/types@https://registry.npmjs.org/@secretlint/types/-/types-11.2.5.tgz 0ms (cache hit)
npm http cache @secretlint/source-creator@https://registry.npmjs.org/@secretlint/source-creator/-/source-creator-11.2.5.tgz 0ms (cache hit)
npm http cache @secretlint/secretlint-rule-preset-recommend@https://registry.npmjs.org/@secretlint/secretlint-rule-preset-recommend/-/secretlint-rule-preset-recommend-11.2.5.tgz 0ms (cache hit)
npm http cache @secretlint/profiler@https://registry.npmjs.org/@secretlint/profiler/-/profiler-11.2.5.tgz 0ms (cache hit)
npm http cache @secretlint/node@https://registry.npmjs.org/@secretlint/node/-/node-11.2.5.tgz 0ms (cache hit)
npm http cache @secretlint/formatter@https://registry.npmjs.org/@secretlint/formatter/-/formatter-11.2.5.tgz 0ms (cache hit)
npm http cache @secretlint/core@https://registry.npmjs.org/@secretlint/core/-/core-11.2.5.tgz 0ms (cache hit)
npm http cache @secretlint/config-loader@https://registry.npmjs.org/@secretlint/config-loader/-/config-loader-11.2.5.tgz 0ms (cache hit)
npm http cache @secretlint/config-creator@https://registry.npmjs.org/@secretlint/config-creator/-/config-creator-11.2.5.tgz 0ms (cache hit)
npm http cache @prisma/instrumentation@https://registry.npmjs.org/@prisma/instrumentation/-/instrumentation-6.15.0.tgz 0ms (cache hit)
npm http cache @pkgr/core@https://registry.npmjs.org/@pkgr/core/-/core-0.2.9.tgz 0ms (cache hit)
npm http cache @opentelemetry/sql-common@https://registry.npmjs.org/@opentelemetry/sql-common/-/sql-common-0.41.0.tgz 0ms (cache hit)
npm http cache @opentelemetry/semantic-conventions@https://registry.npmjs.org/@opentelemetry/semantic-conventions/-/semantic-conventions-1.37.0.tgz 0ms (cache hit)
npm http cache @opentelemetry/sdk-trace-base@https://registry.npmjs.org/@opentelemetry/sdk-trace-base/-/sdk-trace-base-2.1.0.tgz 0ms (cache hit)
npm http cache @opentelemetry/resources@https://registry.npmjs.org/@opentelemetry/resources/-/resources-2.1.0.tgz 0ms (cache hit)
npm http cache @opentelemetry/redis-common@https://registry.npmjs.org/@opentelemetry/redis-common/-/redis-common-0.38.0.tgz 0ms (cache hit)
npm http cache @opentelemetry/instrumentation-undici@https://registry.npmjs.org/@opentelemetry/instrumentation-undici/-/instrumentation-undici-0.15.0.tgz 0ms (cache hit)
npm http cache @opentelemetry/instrumentation-tedious@https://registry.npmjs.org/@opentelemetry/instrumentation-tedious/-/instrumentation-tedious-0.23.0.tgz 0ms (cache hit)
npm http cache @opentelemetry/instrumentation-redis@https://registry.npmjs.org/@opentelemetry/instrumentation-redis/-/instrumentation-redis-0.53.0.tgz 0ms (cache hit)
npm http cache @opentelemetry/instrumentation-pg@https://registry.npmjs.org/@opentelemetry/instrumentation-pg/-/instrumentation-pg-0.57.0.tgz 0ms (cache hit)
npm http cache @opentelemetry/instrumentation-mysql2@https://registry.npmjs.org/@opentelemetry/instrumentation-mysql2/-/instrumentation-mysql2-0.51.0.tgz 0ms (cache hit)
npm http cache @opentelemetry/instrumentation-mysql@https://registry.npmjs.org/@opentelemetry/instrumentation-mysql/-/instrumentation-mysql-0.50.0.tgz 0ms (cache hit)
npm http cache @opentelemetry/instrumentation-mongoose@https://registry.npmjs.org/@opentelemetry/instrumentation-mongoose/-/instrumentation-mongoose-0.51.0.tgz 0ms (cache hit)
npm http cache @opentelemetry/instrumentation-mongodb@https://registry.npmjs.org/@opentelemetry/instrumentation-mongodb/-/instrumentation-mongodb-0.57.0.tgz 0ms (cache hit)
npm http cache @opentelemetry/instrumentation-lru-memoizer@https://registry.npmjs.org/@opentelemetry/instrumentation-lru-memoizer/-/instrumentation-lru-memoizer-0.49.0.tgz 0ms (cache hit)
npm http cache @opentelemetry/instrumentation-koa@https://registry.npmjs.org/@opentelemetry/instrumentation-koa/-/instrumentation-koa-0.52.0.tgz 0ms (cache hit)
npm http cache @opentelemetry/instrumentation-knex@https://registry.npmjs.org/@opentelemetry/instrumentation-knex/-/instrumentation-knex-0.49.0.tgz 0ms (cache hit)
npm http cache @opentelemetry/instrumentation-kafkajs@https://registry.npmjs.org/@opentelemetry/instrumentation-kafkajs/-/instrumentation-kafkajs-0.14.0.tgz 0ms (cache hit)
npm http cache @opentelemetry/instrumentation-ioredis@https://registry.npmjs.org/@opentelemetry/instrumentation-ioredis/-/instrumentation-ioredis-0.52.0.tgz 0ms (cache hit)
npm http cache @opentelemetry/instrumentation-http@https://registry.npmjs.org/@opentelemetry/instrumentation-http/-/instrumentation-http-0.204.0.tgz 0ms (cache hit)
npm http cache @opentelemetry/instrumentation-hapi@https://registry.npmjs.org/@opentelemetry/instrumentation-hapi/-/instrumentation-hapi-0.51.0.tgz 0ms (cache hit)
npm http cache @opentelemetry/instrumentation-graphql@https://registry.npmjs.org/@opentelemetry/instrumentation-graphql/-/instrumentation-graphql-0.52.0.tgz 0ms (cache hit)
npm http cache @opentelemetry/instrumentation-generic-pool@https://registry.npmjs.org/@opentelemetry/instrumentation-generic-pool/-/instrumentation-generic-pool-0.48.0.tgz 0ms (cache hit)
npm http cache @opentelemetry/instrumentation-fs@https://registry.npmjs.org/@opentelemetry/instrumentation-fs/-/instrumentation-fs-0.24.0.tgz 0ms (cache hit)
npm http cache @opentelemetry/instrumentation-express@https://registry.npmjs.org/@opentelemetry/instrumentation-express/-/instrumentation-express-0.53.0.tgz 0ms (cache hit)
npm http cache @opentelemetry/instrumentation-dataloader@https://registry.npmjs.org/@opentelemetry/instrumentation-dataloader/-/instrumentation-dataloader-0.22.0.tgz 0ms (cache hit)
npm http cache @opentelemetry/instrumentation-connect@https://registry.npmjs.org/@opentelemetry/instrumentation-connect/-/instrumentation-connect-0.48.0.tgz 0ms (cache hit)
npm http cache @opentelemetry/instrumentation-amqplib@https://registry.npmjs.org/@opentelemetry/instrumentation-amqplib/-/instrumentation-amqplib-0.51.0.tgz 0ms (cache hit)
npm http cache @opentelemetry/instrumentation@https://registry.npmjs.org/@opentelemetry/instrumentation/-/instrumentation-0.204.0.tgz 0ms (cache hit)
npm http cache @opentelemetry/core@https://registry.npmjs.org/@opentelemetry/core/-/core-2.1.0.tgz 0ms (cache hit)
npm http cache @opentelemetry/context-async-hooks@https://registry.npmjs.org/@opentelemetry/context-async-hooks/-/context-async-hooks-2.1.0.tgz 0ms (cache hit)
npm http cache @opentelemetry/api-logs@https://registry.npmjs.org/@opentelemetry/api-logs/-/api-logs-0.204.0.tgz 0ms (cache hit)
npm http cache @opentelemetry/api@https://registry.npmjs.org/@opentelemetry/api/-/api-1.9.0.tgz 0ms (cache hit)
npm http cache @nodelib/fs.walk@https://registry.npmjs.org/@nodelib/fs.walk/-/fs.walk-1.2.8.tgz 0ms (cache hit)
npm http cache @nodelib/fs.stat@https://registry.npmjs.org/@nodelib/fs.stat/-/fs.stat-2.0.5.tgz 0ms (cache hit)
npm http cache @nodelib/fs.scandir@https://registry.npmjs.org/@nodelib/fs.scandir/-/fs.scandir-2.1.5.tgz 0ms (cache hit)
npm http cache @manypkg/get-packages@https://registry.npmjs.org/@manypkg/get-packages/-/get-packages-1.1.3.tgz 0ms (cache hit)
npm http cache @manypkg/find-root@https://registry.npmjs.org/@manypkg/find-root/-/find-root-1.1.0.tgz 0ms (cache hit)
npm http cache @jscpd/tokenizer@https://registry.npmjs.org/@jscpd/tokenizer/-/tokenizer-4.0.4.tgz 0ms (cache hit)
npm http cache @jscpd/html-reporter@https://registry.npmjs.org/@jscpd/html-reporter/-/html-reporter-4.0.4.tgz 0ms (cache hit)
npm http cache @jscpd/finder@https://registry.npmjs.org/@jscpd/finder/-/finder-4.0.4.tgz 0ms (cache hit)
npm http cache @jscpd/core@https://registry.npmjs.org/@jscpd/core/-/core-4.0.4.tgz 0ms (cache hit)
npm http cache @jscpd/badge-reporter@https://registry.npmjs.org/@jscpd/badge-reporter/-/badge-reporter-4.0.4.tgz 0ms (cache hit)
npm http cache @inquirer/external-editor@https://registry.npmjs.org/@inquirer/external-editor/-/external-editor-1.0.3.tgz 0ms (cache hit)
npm http cache @humanwhocodes/retry@https://registry.npmjs.org/@humanwhocodes/retry/-/retry-0.4.3.tgz 0ms (cache hit)
npm http cache @humanwhocodes/module-importer@https://registry.npmjs.org/@humanwhocodes/module-importer/-/module-importer-1.0.1.tgz 0ms (cache hit)
npm http cache @humanfs/node@https://registry.npmjs.org/@humanfs/node/-/node-0.16.7.tgz 0ms (cache hit)
npm http cache @humanfs/core@https://registry.npmjs.org/@humanfs/core/-/core-0.19.1.tgz 0ms (cache hit)
npm http cache @eslint/plugin-kit@https://registry.npmjs.org/@eslint/plugin-kit/-/plugin-kit-0.3.5.tgz 0ms (cache hit)
npm http cache @eslint/object-schema@https://registry.npmjs.org/@eslint/object-schema/-/object-schema-2.1.6.tgz 0ms (cache hit)
npm http cache @eslint/js@https://registry.npmjs.org/@eslint/js/-/js-9.35.0.tgz 0ms (cache hit)
npm http cache @eslint/eslintrc@https://registry.npmjs.org/@eslint/eslintrc/-/eslintrc-3.3.1.tgz 0ms (cache hit)
npm http cache @eslint/core@https://registry.npmjs.org/@eslint/core/-/core-0.15.2.tgz 0ms (cache hit)
npm http cache @eslint/config-helpers@https://registry.npmjs.org/@eslint/config-helpers/-/config-helpers-0.3.1.tgz 0ms (cache hit)
npm http cache @eslint/config-array@https://registry.npmjs.org/@eslint/config-array/-/config-array-0.21.0.tgz 0ms (cache hit)
npm http cache @eslint-community/regexpp@https://registry.npmjs.org/@eslint-community/regexpp/-/regexpp-4.12.1.tgz 0ms (cache hit)
npm http cache @eslint-community/eslint-utils@https://registry.npmjs.org/@eslint-community/eslint-utils/-/eslint-utils-4.9.0.tgz 0ms (cache hit)
npm http cache @colors/colors@https://registry.npmjs.org/@colors/colors/-/colors-1.5.0.tgz 0ms (cache hit)
npm http cache @changesets/write@https://registry.npmjs.org/@changesets/write/-/write-0.4.0.tgz 0ms (cache hit)
npm http cache @changesets/types@https://registry.npmjs.org/@changesets/types/-/types-6.1.0.tgz 0ms (cache hit)
npm http cache @changesets/should-skip-package@https://registry.npmjs.org/@changesets/should-skip-package/-/should-skip-package-0.1.2.tgz 0ms (cache hit)
npm http cache @changesets/read@https://registry.npmjs.org/@changesets/read/-/read-0.6.6.tgz 0ms (cache hit)
npm http cache @changesets/pre@https://registry.npmjs.org/@changesets/pre/-/pre-2.0.2.tgz 0ms (cache hit)
npm http cache @changesets/parse@https://registry.npmjs.org/@changesets/parse/-/parse-0.4.2.tgz 0ms (cache hit)
npm http cache @changesets/logger@https://registry.npmjs.org/@changesets/logger/-/logger-0.1.1.tgz 0ms (cache hit)
npm http cache @changesets/git@https://registry.npmjs.org/@changesets/git/-/git-3.0.4.tgz 0ms (cache hit)
npm http cache @changesets/get-version-range-type@https://registry.npmjs.org/@changesets/get-version-range-type/-/get-version-range-type-0.4.0.tgz 0ms (cache hit)
npm http cache @changesets/get-release-plan@https://registry.npmjs.org/@changesets/get-release-plan/-/get-release-plan-4.0.14.tgz 0ms (cache hit)
npm http cache @changesets/get-dependents-graph@https://registry.npmjs.org/@changesets/get-dependents-graph/-/get-dependents-graph-2.1.3.tgz 0ms (cache hit)
npm http cache @changesets/errors@https://registry.npmjs.org/@changesets/errors/-/errors-0.2.0.tgz 0ms (cache hit)
npm http cache @changesets/config@https://registry.npmjs.org/@changesets/config/-/config-3.1.2.tgz 0ms (cache hit)
npm http cache @changesets/cli@https://registry.npmjs.org/@changesets/cli/-/cli-2.29.8.tgz 0ms (cache hit)
npm http cache @changesets/changelog-git@https://registry.npmjs.org/@changesets/changelog-git/-/changelog-git-0.2.1.tgz 0ms (cache hit)
npm http cache @changesets/assemble-release-plan@https://registry.npmjs.org/@changesets/assemble-release-plan/-/assemble-release-plan-6.0.9.tgz 0ms (cache hit)
npm http cache @changesets/apply-release-plan@https://registry.npmjs.org/@changesets/apply-release-plan/-/apply-release-plan-7.0.14.tgz 0ms (cache hit)
npm http cache @babel/types@https://registry.npmjs.org/@babel/types/-/types-7.29.0.tgz 0ms (cache hit)
npm http cache @babel/runtime@https://registry.npmjs.org/@babel/runtime/-/runtime-7.28.4.tgz 0ms (cache hit)
npm http cache @babel/parser@https://registry.npmjs.org/@babel/parser/-/parser-7.29.0.tgz 0ms (cache hit)
npm http cache @babel/helper-validator-identifier@https://registry.npmjs.org/@babel/helper-validator-identifier/-/helper-validator-identifier-7.28.5.tgz 0ms (cache hit)
npm http cache @babel/helper-string-parser@https://registry.npmjs.org/@babel/helper-string-parser/-/helper-string-parser-7.27.1.tgz 0ms (cache hit)
npm http cache @babel/code-frame@https://registry.npmjs.org/@babel/code-frame/-/code-frame-7.27.1.tgz 0ms (cache hit)
npm http cache @azu/style-format@https://registry.npmjs.org/@azu/style-format/-/style-format-1.0.1.tgz 0ms (cache hit)
npm http cache @azu/format-text@https://registry.npmjs.org/@azu/format-text/-/format-text-1.0.2.tgz 0ms (cache hit)
npm http cache string-width@https://registry.npmjs.org/string-width/-/string-width-4.2.3.tgz 0ms (cache hit)
npm http cache is-fullwidth-code-point@https://registry.npmjs.org/is-fullwidth-code-point/-/is-fullwidth-code-point-3.0.0.tgz 0ms (cache hit)
npm http cache emoji-regex@https://registry.npmjs.org/emoji-regex/-/emoji-regex-8.0.0.tgz 0ms (cache hit)
npm http cache strip-ansi@https://registry.npmjs.org/strip-ansi/-/strip-ansi-7.1.2.tgz 0ms (cache hit)
npm http cache string-width@https://registry.npmjs.org/string-width/-/string-width-7.2.0.tgz 0ms (cache hit)
npm http cache ansi-styles@https://registry.npmjs.org/ansi-styles/-/ansi-styles-6.2.3.tgz 0ms (cache hit)
npm http cache ansi-regex@https://registry.npmjs.org/ansi-regex/-/ansi-regex-6.2.2.tgz 0ms (cache hit)
npm http cache string-width@https://registry.npmjs.org/string-width/-/string-width-4.2.3.tgz 0ms (cache hit)
npm http cache slice-ansi@https://registry.npmjs.org/slice-ansi/-/slice-ansi-4.0.0.tgz 0ms (cache hit)
npm http cache json-schema-traverse@https://registry.npmjs.org/json-schema-traverse/-/json-schema-traverse-1.0.0.tgz 0ms (cache hit)
npm http cache is-fullwidth-code-point@https://registry.npmjs.org/is-fullwidth-code-point/-/is-fullwidth-code-point-3.0.0.tgz 0ms (cache hit)
npm http cache emoji-regex@https://registry.npmjs.org/emoji-regex/-/emoji-regex-8.0.0.tgz 0ms (cache hit)
npm http cache ajv@https://registry.npmjs.org/ajv/-/ajv-8.17.1.tgz 0ms (cache hit)
npm http cache strip-ansi@https://registry.npmjs.org/strip-ansi/-/strip-ansi-7.1.2.tgz 0ms (cache hit)
npm http cache ansi-regex@https://registry.npmjs.org/ansi-regex/-/ansi-regex-6.2.2.tgz 0ms (cache hit)
npm http cache ansi-styles@https://registry.npmjs.org/ansi-styles/-/ansi-styles-6.2.3.tgz 0ms (cache hit)
npm http cache unicorn-magic@https://registry.npmjs.org/unicorn-magic/-/unicorn-magic-0.3.0.tgz 0ms (cache hit)
npm http cache slash@https://registry.npmjs.org/slash/-/slash-5.1.0.tgz 0ms (cache hit)
npm http cache path-type@https://registry.npmjs.org/path-type/-/path-type-6.0.0.tgz 0ms (cache hit)
npm http cache ignore@https://registry.npmjs.org/ignore/-/ignore-7.0.5.tgz 0ms (cache hit)
npm http cache globby@https://registry.npmjs.org/globby/-/globby-14.1.0.tgz 0ms (cache hit)
npm http cache js-yaml@https://registry.npmjs.org/js-yaml/-/js-yaml-3.14.2.tgz 0ms (cache hit)
npm http cache argparse@https://registry.npmjs.org/argparse/-/argparse-1.0.10.tgz 0ms (cache hit)
npm http cache universalify@https://registry.npmjs.org/universalify/-/universalify-2.0.1.tgz 0ms (cache hit)
npm http cache jsonfile@https://registry.npmjs.org/jsonfile/-/jsonfile-6.2.0.tgz 0ms (cache hit)
npm http cache fs-extra@https://registry.npmjs.org/fs-extra/-/fs-extra-11.3.3.tgz 0ms (cache hit)
npm http cache strip-ansi@https://registry.npmjs.org/strip-ansi/-/strip-ansi-7.1.2.tgz 0ms (cache hit)
npm http cache ansi-regex@https://registry.npmjs.org/ansi-regex/-/ansi-regex-6.2.2.tgz 0ms (cache hit)
npm http cache lino-objects-codec@https://registry.npmjs.org/lino-objects-codec/-/lino-objects-codec-0.4.0.tgz 0ms (cache hit)
npm http cache links-notation@https://registry.npmjs.org/links-notation/-/links-notation-0.11.2.tgz 0ms (cache hit)
npm http cache links-notation@https://registry.npmjs.org/links-notation/-/links-notation-0.13.0.tgz 0ms (cache hit)
npm http cache universalify@https://registry.npmjs.org/universalify/-/universalify-2.0.1.tgz 0ms (cache hit)
npm http cache jsonfile@https://registry.npmjs.org/jsonfile/-/jsonfile-6.2.0.tgz 0ms (cache hit)
npm http cache fs-extra@https://registry.npmjs.org/fs-extra/-/fs-extra-11.3.3.tgz 0ms (cache hit)
npm http cache universalify@https://registry.npmjs.org/universalify/-/universalify-2.0.1.tgz 0ms (cache hit)
npm http cache jsonfile@https://registry.npmjs.org/jsonfile/-/jsonfile-6.2.0.tgz 0ms (cache hit)
npm http cache fs-extra@https://registry.npmjs.org/fs-extra/-/fs-extra-11.3.3.tgz 0ms (cache hit)
npm http cache commander@https://registry.npmjs.org/commander/-/commander-5.1.0.tgz 0ms (cache hit)
npm http cache acorn@https://registry.npmjs.org/acorn/-/acorn-7.4.1.tgz 0ms (cache hit)
npm http cache glob-parent@https://registry.npmjs.org/glob-parent/-/glob-parent-5.1.2.tgz 0ms (cache hit)
npm http cache signal-exit@https://registry.npmjs.org/signal-exit/-/signal-exit-3.0.7.tgz 0ms (cache hit)
npm http cache onetime@https://registry.npmjs.org/onetime/-/onetime-5.1.2.tgz 0ms (cache hit)
npm http cache wrap-ansi@https://registry.npmjs.org/wrap-ansi/-/wrap-ansi-7.0.0.tgz 0ms (cache hit)
npm http cache string-width@https://registry.npmjs.org/string-width/-/string-width-4.2.3.tgz 0ms (cache hit)
npm http cache is-fullwidth-code-point@https://registry.npmjs.org/is-fullwidth-code-point/-/is-fullwidth-code-point-3.0.0.tgz 0ms (cache hit)
npm http cache emoji-regex@https://registry.npmjs.org/emoji-regex/-/emoji-regex-8.0.0.tgz 0ms (cache hit)
npm http cache string-width@https://registry.npmjs.org/string-width/-/string-width-4.2.3.tgz 0ms (cache hit)
npm http cache is-fullwidth-code-point@https://registry.npmjs.org/is-fullwidth-code-point/-/is-fullwidth-code-point-3.0.0.tgz 0ms (cache hit)
npm http cache emoji-regex@https://registry.npmjs.org/emoji-regex/-/emoji-regex-8.0.0.tgz 0ms (cache hit)
npm http cache string-width@https://registry.npmjs.org/string-width/-/string-width-4.2.3.tgz 0ms (cache hit)
npm http cache pluralize@https://registry.npmjs.org/pluralize/-/pluralize-2.0.0.tgz 0ms (cache hit)
npm http cache is-fullwidth-code-point@https://registry.npmjs.org/is-fullwidth-code-point/-/is-fullwidth-code-point-3.0.0.tgz 0ms (cache hit)
npm http cache emoji-regex@https://registry.npmjs.org/emoji-regex/-/emoji-regex-8.0.0.tgz 0ms (cache hit)
npm http cache minimatch@https://registry.npmjs.org/minimatch/-/minimatch-9.0.5.tgz 0ms (cache hit)
npm http cache p-map@https://registry.npmjs.org/p-map/-/p-map-7.0.4.tgz 0ms (cache hit)
npm http cache strip-ansi@https://registry.npmjs.org/strip-ansi/-/strip-ansi-7.1.2.tgz 0ms (cache hit)
npm http cache brace-expansion@https://registry.npmjs.org/brace-expansion/-/brace-expansion-2.0.2.tgz 0ms (cache hit)
npm http cache chalk@https://registry.npmjs.org/chalk/-/chalk-5.6.2.tgz 0ms (cache hit)
npm http cache ansi-regex@https://registry.npmjs.org/ansi-regex/-/ansi-regex-6.2.2.tgz 0ms (cache hit)
npm http cache json-schema-traverse@https://registry.npmjs.org/json-schema-traverse/-/json-schema-traverse-1.0.0.tgz 0ms (cache hit)
npm http cache ajv@https://registry.npmjs.org/ajv/-/ajv-8.17.1.tgz 0ms (cache hit)
npm http cache @opentelemetry/instrumentation@https://registry.npmjs.org/@opentelemetry/instrumentation/-/instrumentation-0.57.2.tgz 0ms (cache hit)
npm http cache @opentelemetry/api-logs@https://registry.npmjs.org/@opentelemetry/api-logs/-/api-logs-0.57.2.tgz 0ms (cache hit)
npm http cache fs-extra@https://registry.npmjs.org/fs-extra/-/fs-extra-8.1.0.tgz 0ms (cache hit)
npm http cache @changesets/types@https://registry.npmjs.org/@changesets/types/-/types-4.1.0.tgz 0ms (cache hit)
npm http cache p-locate@https://registry.npmjs.org/p-locate/-/p-locate-4.1.0.tgz 0ms (cache hit)
npm http cache p-limit@https://registry.npmjs.org/p-limit/-/p-limit-2.3.0.tgz 0ms (cache hit)
npm http cache locate-path@https://registry.npmjs.org/locate-path/-/locate-path-5.0.0.tgz 0ms (cache hit)
npm http cache fs-extra@https://registry.npmjs.org/fs-extra/-/fs-extra-8.1.0.tgz 0ms (cache hit)
npm http cache ignore@https://registry.npmjs.org/ignore/-/ignore-5.3.2.tgz 0ms (cache hit)
npm http cache @types/node@https://registry.npmjs.org/@types/node/-/node-12.20.55.tgz 0ms (cache hit)
npm http cache universalify@https://registry.npmjs.org/universalify/-/universalify-2.0.1.tgz 0ms (cache hit)
npm http cache jsonfile@https://registry.npmjs.org/jsonfile/-/jsonfile-6.2.0.tgz 0ms (cache hit)
npm http cache fs-extra@https://registry.npmjs.org/fs-extra/-/fs-extra-11.3.3.tgz 0ms (cache hit)
npm http cache jsonfile@https://registry.npmjs.org/jsonfile/-/jsonfile-6.2.0.tgz 0ms (cache hit)
npm http cache fs-extra@https://registry.npmjs.org/fs-extra/-/fs-extra-11.3.3.tgz 0ms (cache hit)
npm http cache universalify@https://registry.npmjs.org/universalify/-/universalify-2.0.1.tgz 0ms (cache hit)
npm http cache jsonfile@https://registry.npmjs.org/jsonfile/-/jsonfile-6.2.0.tgz 0ms (cache hit)
npm http cache fs-extra@https://registry.npmjs.org/fs-extra/-/fs-extra-11.3.3.tgz 0ms (cache hit)
npm http cache universalify@https://registry.npmjs.org/universalify/-/universalify-2.0.1.tgz 0ms (cache hit)
npm http cache eslint-visitor-keys@https://registry.npmjs.org/eslint-visitor-keys/-/eslint-visitor-keys-3.4.3.tgz 0ms (cache hit)
npm http cache prettier@https://registry.npmjs.org/prettier/-/prettier-2.8.8.tgz 0ms (cache hit)
npm http cache resolve-from@https://registry.npmjs.org/resolve-from/-/resolve-from-5.0.0.tgz 0ms (cache hit)
npm http cache p-limit@https://registry.npmjs.org/p-limit/-/p-limit-2.3.0.tgz 0ms (cache hit)
npm http cache resolve-from@https://registry.npmjs.org/resolve-from/-/resolve-from-5.0.0.tgz 0ms (cache hit)
npm http cache prettier@https://registry.npmjs.org/prettier/-/prettier-2.8.8.tgz 0ms (cache hit)
npm http cache @secretlint/resolver@https://registry.npmjs.org/@secretlint/resolver/-/resolver-11.2.5.tgz 0ms (cache hit)
npm http cache find-up@https://registry.npmjs.org/find-up/-/find-up-4.1.0.tgz 0ms (cache hit)
npm http fetch POST 200 https://registry.npmjs.org/-/npm/v1/security/advisories/bulk 2031ms
npm http fetch GET 200 https://registry.npmjs.org/@opentelemetry%2fcore 1077ms (cache revalidated)
npm http fetch GET 200 https://registry.npmjs.org/minimatch 1118ms (cache revalidated)
npm http fetch GET 200 https://registry.npmjs.org/brace-expansion 1124ms (cache revalidated)
npm http fetch GET 200 https://registry.npmjs.org/@sentry%2fnode-core 1128ms (cache revalidated)
npm http fetch GET 200 https://registry.npmjs.org/ajv 1144ms (cache revalidated)
npm http fetch GET 200 https://registry.npmjs.org/flatted 1154ms (cache revalidated)
npm http fetch GET 200 https://registry.npmjs.org/fast-uri 1161ms (cache revalidated)
npm http fetch GET 200 https://registry.npmjs.org/js-yaml 1165ms (cache revalidated)
npm http fetch GET 200 https://registry.npmjs.org/lodash 1167ms (cache revalidated)
npm http fetch GET 200 https://registry.npmjs.org/picomatch 1182ms (cache revalidated)
npm http fetch GET 200 https://registry.npmjs.org/yaml 1187ms (cache revalidated)
npm http fetch GET 200 https://registry.npmjs.org/@sentry%2fnode 1220ms (cache revalidated)
npm http fetch GET 200 https://registry.npmjs.org/@opentelemetry%2finstrumentation-fs 487ms (cache revalidated)
npm http fetch GET 200 https://registry.npmjs.org/@opentelemetry%2finstrumentation-mongoose 501ms (cache revalidated)
npm http fetch GET 200 https://registry.npmjs.org/@opentelemetry%2finstrumentation-connect 511ms (cache revalidated)
npm http fetch GET 200 https://registry.npmjs.org/@opentelemetry%2finstrumentation-express 511ms (cache revalidated)
npm http fetch GET 200 https://registry.npmjs.org/@opentelemetry%2finstrumentation-hapi 512ms (cache revalidated)
npm http fetch GET 200 https://registry.npmjs.org/@opentelemetry%2finstrumentation-undici 505ms (cache revalidated)
npm http fetch GET 200 https://registry.npmjs.org/@opentelemetry%2fsql-common 502ms (cache revalidated)
npm http fetch GET 200 https://registry.npmjs.org/@opentelemetry%2fsdk-trace-base 518ms (cache revalidated)
npm http fetch GET 200 https://registry.npmjs.org/@opentelemetry%2finstrumentation-amqplib 535ms (cache revalidated)
npm http fetch GET 200 https://registry.npmjs.org/@opentelemetry%2fresources 531ms (cache revalidated)
npm http fetch GET 200 https://registry.npmjs.org/@opentelemetry%2finstrumentation-http 545ms (cache revalidated)
npm http fetch GET 200 https://registry.npmjs.org/@opentelemetry%2finstrumentation-koa 544ms (cache revalidated)
npm http fetch GET 200 https://registry.npmjs.org/@sentry%2fopentelemetry 554ms (cache revalidated)
npm http fetch GET 200 https://registry.npmjs.org/@opentelemetry%2finstrumentation-pg 584ms (cache revalidated)
npm http fetch GET 200 https://registry.npmjs.org/eslint 170ms (cache revalidated)
npm http fetch GET 200 https://registry.npmjs.org/@eslint%2feslintrc 214ms (cache revalidated)
npm http fetch GET 200 https://registry.npmjs.org/table 169ms (cache revalidated)
npm http fetch GET 200 https://registry.npmjs.org/@secretlint%2fconfig-loader 495ms (cache revalidated)
npm http fetch GET 200 https://registry.npmjs.org/@sentry%2fprofiling-node 292ms (cache revalidated)
npm http fetch GET 200 https://registry.npmjs.org/@eslint%2fconfig-array 99ms (cache revalidated)
npm http fetch GET 200 https://registry.npmjs.org/flat-cache 137ms (cache revalidated)
npm http fetch GET 200 https://registry.npmjs.org/read-yaml-file 111ms (cache revalidated)
npm http fetch GET 200 https://registry.npmjs.org/rc-config-loader 116ms (cache revalidated)
npm http fetch GET 200 https://registry.npmjs.org/@changesets%2fparse 125ms (cache revalidated)
npm http fetch GET 200 https://registry.npmjs.org/@textlint%2flinter-formatter 146ms (cache revalidated)
npm http fetch GET 200 https://registry.npmjs.org/micromatch 113ms (cache revalidated)
npm http fetch GET 200 https://registry.npmjs.org/lint-staged 65ms (cache revalidated)
npm http fetch GET 200 https://registry.npmjs.org/@manypkg%2fget-packages 123ms (cache revalidated)
npm http fetch GET 200 https://registry.npmjs.org/@changesets%2fapply-release-plan 197ms (cache revalidated)
npm http fetch GET 200 https://registry.npmjs.org/@changesets%2fassemble-release-plan 197ms (cache revalidated)
npm http fetch GET 200 https://registry.npmjs.org/@changesets%2fgit 186ms (cache revalidated)
npm http fetch GET 200 https://registry.npmjs.org/@changesets%2fget-release-plan 224ms (cache revalidated)
npm http fetch GET 200 https://registry.npmjs.org/@changesets%2fconfig 234ms (cache revalidated)
npm http fetch GET 200 https://registry.npmjs.org/@changesets%2fpre 283ms (cache revalidated)
npm http fetch GET 200 https://registry.npmjs.org/@changesets%2fget-dependents-graph 340ms (cache revalidated)
npm http fetch GET 200 https://registry.npmjs.org/@changesets%2fshould-skip-package 337ms (cache revalidated)
npm http fetch GET 200 https://registry.npmjs.org/@changesets%2fcli 386ms (cache revalidated)
npm http fetch GET 200 https://registry.npmjs.org/@changesets%2fread 314ms (cache revalidated)
npm info run @sentry-internal/node-cpu-profiler@2.2.0 install node_modules/@sentry-internal/node-cpu-profiler node scripts/check-build.js
npm info run @sentry-internal/node-cpu-profiler@2.2.0 install { code: 0, signal: null }

> @link-assistant/hive-mind@2.0.13 prepare
> husky


added 497 packages, and audited 498 packages in 10s

98 packages are looking for funding
  run `npm fund` for details

28 vulnerabilities (23 moderate, 5 high)

To address issues that do not require attention, run:
  npm audit fix

To address all issues (including breaking changes), run:
  npm audit fix --force

Run `npm audit` for details.
npm warn allow-scripts 1 package has install scripts not yet covered by allowScripts:
npm warn allow-scripts   @sentry-internal/node-cpu-profiler@2.2.0 (install: node scripts/check-build.js)
npm warn allow-scripts
npm warn allow-scripts Run `npm approve-scripts --allow-scripts-pending` to review, or `npm approve-scripts <pkg>` to allow.
npm verbose cwd /tmp/gh-issue-solver-1782064329981
npm verbose os Linux 6.8.0-124-generic
npm verbose node v20.20.2
npm verbose npm  v11.17.0
npm verbose exit 0
npm info ok
