# Solve.mjs Log - 2026-02-15T19:19:01.627Z

[2026-02-15T19:19:01.628Z] [INFO] 📁 Log file: /home/hive/solve-2026-02-15T19-19-01-626Z.log
[2026-02-15T19:19:01.629Z] [INFO]    (All output will be logged here)
[2026-02-15T19:19:02.185Z] [INFO] 
[2026-02-15T19:19:02.186Z] [INFO] 🚀 solve v1.23.6
[2026-02-15T19:19:02.187Z] [INFO] 🔧 Raw command executed:
[2026-02-15T19:19:02.187Z] [INFO]    /home/hive/.nvm/versions/node/v20.20.0/bin/node /home/hive/.bun/bin/solve https://github.com/Jhon-Crow/godot-topdown-MVP/pull/783 --attach-logs --verbose --no-tool-check --auto-resume-on-limit-reset --tokens-budget-stats
[2026-02-15T19:19:02.188Z] [INFO] 
[2026-02-15T19:19:02.206Z] [INFO] 
[2026-02-15T19:19:02.207Z] [WARNING] ⚠️  SECURITY WARNING: --attach-logs is ENABLED
[2026-02-15T19:19:02.207Z] [INFO] 
[2026-02-15T19:19:02.208Z] [INFO]    This option will upload the complete solution draft log file to the Pull Request.
[2026-02-15T19:19:02.208Z] [INFO]    The log may contain sensitive information such as:
[2026-02-15T19:19:02.208Z] [INFO]    • API keys, tokens, or secrets
[2026-02-15T19:19:02.208Z] [INFO]    • File paths and directory structures
[2026-02-15T19:19:02.209Z] [INFO]    • Command outputs and error messages
[2026-02-15T19:19:02.209Z] [INFO]    • Internal system information
[2026-02-15T19:19:02.209Z] [INFO] 
[2026-02-15T19:19:02.209Z] [INFO]    ⚠️  DO NOT use this option with public repositories or if the log
[2026-02-15T19:19:02.210Z] [INFO]        might contain sensitive data that should not be shared publicly.
[2026-02-15T19:19:02.210Z] [INFO] 
[2026-02-15T19:19:02.210Z] [INFO]    Continuing in 5 seconds... (Press Ctrl+C to abort)
[2026-02-15T19:19:02.210Z] [INFO] 
[2026-02-15T19:19:07.217Z] [INFO] 
[2026-02-15T19:19:07.246Z] [INFO] 💾 Disk space check: 45219MB available (2048MB required) ✅
[2026-02-15T19:19:07.248Z] [INFO] 🧠 Memory check: 9191MB available, swap: 4095MB (0MB used), total: 13286MB (256MB required) ✅
[2026-02-15T19:19:07.269Z] [INFO] ⏩ Skipping tool connection validation (dry-run mode or skip-tool-connection-check enabled)
[2026-02-15T19:19:07.270Z] [INFO] ⏩ Skipping GitHub authentication check (dry-run mode or skip-tool-connection-check enabled)
[2026-02-15T19:19:07.270Z] [INFO] 📋 URL validation:
[2026-02-15T19:19:07.270Z] [INFO]    Input URL: https://github.com/Jhon-Crow/godot-topdown-MVP/pull/783
[2026-02-15T19:19:07.270Z] [INFO]    Is Issue URL: false
[2026-02-15T19:19:07.271Z] [INFO]    Is PR URL: true
[2026-02-15T19:19:07.271Z] [INFO] 🔍 Checking repository access for auto-fork...
[2026-02-15T19:19:07.946Z] [INFO]    Repository visibility: public
[2026-02-15T19:19:07.948Z] [INFO] ✅ Auto-fork: No write access detected, enabling fork mode
[2026-02-15T19:19:07.949Z] [INFO] ✅ Repository access check: Skipped (fork mode enabled)
[2026-02-15T19:19:38.074Z] [INFO]    Warning: Could not detect repository visibility, defaulting to public
[2026-02-15T19:19:38.074Z] [INFO]    Auto-cleanup default: false (repository is public)
[2026-02-15T19:19:38.075Z] [INFO] 🔄 Continue mode: Working with PR #783
[2026-02-15T19:19:38.076Z] [INFO]    Continue mode activated: PR URL provided directly
[2026-02-15T19:19:38.076Z] [INFO]    PR Number set to: 783
[2026-02-15T19:19:38.076Z] [INFO]    Will fetch PR details and linked issue
[2026-02-15T19:19:38.539Z] [INFO] 🍴 Detected fork PR from konard/Jhon-Crow-godot-topdown-MVP
[2026-02-15T19:19:38.539Z] [INFO]    Fork owner: konard
[2026-02-15T19:19:38.539Z] [INFO]    Will clone fork repository for continue mode
[2026-02-15T19:19:38.540Z] [INFO] 📝 PR branch: issue-781-22f173721ee4
[2026-02-15T19:19:38.541Z] [INFO] 🔗 Found linked issue #781
[2026-02-15T19:19:38.541Z] [INFO] 
Creating temporary directory: /tmp/gh-issue-solver-1771183178541
[2026-02-15T19:19:38.543Z] [INFO] 
🍴 Fork mode:                ENABLED
[2026-02-15T19:19:38.544Z] [INFO]  Checking fork status...   

[2026-02-15T19:19:38.839Z] [INFO] 🔍 Detecting fork conflicts... 
[2026-02-15T19:19:39.785Z] [INFO] ✅ No fork conflict:         Safe to proceed
[2026-02-15T19:19:40.108Z] [INFO] ✅ Fork exists:              konard/Jhon-Crow-godot-topdown-MVP
[2026-02-15T19:19:40.109Z] [INFO] 🔍 Validating fork parent... 
[2026-02-15T19:20:10.189Z] [INFO] 
[2026-02-15T19:20:10.189Z] [ERROR] ❌ FORK PARENT MISMATCH DETECTED 
[2026-02-15T19:20:10.190Z] [INFO] 
[2026-02-15T19:20:10.190Z] [INFO]   🔍 What happened:
[2026-02-15T19:20:10.190Z] [INFO]      The repository konard/Jhon-Crow-godot-topdown-MVP is NOT a GitHub fork.
[2026-02-15T19:20:10.190Z] [INFO]      It may have been created by cloning and pushing instead of forking.
[2026-02-15T19:20:10.190Z] [INFO] 
[2026-02-15T19:20:10.190Z] [INFO]   📦 Fork relationship:
[2026-02-15T19:20:10.191Z] [INFO]      • Your fork: konard/Jhon-Crow-godot-topdown-MVP
[2026-02-15T19:20:10.191Z] [INFO]      • Fork parent: N/A (not a fork)
[2026-02-15T19:20:10.191Z] [INFO]      • Fork source (root): N/A
[2026-02-15T19:20:10.191Z] [INFO]      • Expected parent: Jhon-Crow/godot-topdown-MVP
[2026-02-15T19:20:10.191Z] [INFO] 
[2026-02-15T19:20:10.191Z] [INFO]   ⚠️  Why this is a problem:
[2026-02-15T19:20:10.191Z] [INFO]      When a fork is created from an intermediate fork (a "fork of a fork"),
[2026-02-15T19:20:10.192Z] [INFO]      any commits that exist in the intermediate fork but not in the target
[2026-02-15T19:20:10.192Z] [INFO]      repository will be included in your pull requests. This can result in
[2026-02-15T19:20:10.192Z] [INFO]      pull requests with hundreds or thousands of unexpected commits.
[2026-02-15T19:20:10.192Z] [INFO] 
[2026-02-15T19:20:10.192Z] [INFO]   📖 Case study: See issue #967
[2026-02-15T19:20:10.192Z] [INFO]      A fork created from veb86/zcadvelecAI (which had 1,678 extra commits)
[2026-02-15T19:20:10.192Z] [INFO]      instead of zamtmn/zcad resulted in a PR with 1,681 commits
[2026-02-15T19:20:10.192Z] [INFO]      instead of the expected 3 commits.
[2026-02-15T19:20:10.192Z] [INFO] 
[2026-02-15T19:20:10.193Z] [INFO]   💡 How to fix:
[2026-02-15T19:20:10.193Z] [INFO] 
[2026-02-15T19:20:10.193Z] [INFO]      Option 1: Delete the problematic fork and create a fresh one
[2026-02-15T19:20:10.193Z] [INFO]         gh repo delete konard/Jhon-Crow-godot-topdown-MVP
[2026-02-15T19:20:10.194Z] [INFO]         Then run this command again to create a proper fork of Jhon-Crow/godot-topdown-MVP
[2026-02-15T19:20:10.194Z] [INFO] 
[2026-02-15T19:20:10.194Z] [INFO]      Option 2: Use --prefix-fork-name-with-owner-name to create a new fork
[2026-02-15T19:20:10.194Z] [INFO]         This creates a fork named konard/Jhon-Crow-godot-topdown-MVP instead
[2026-02-15T19:20:10.195Z] [INFO]         ./solve.mjs "https://github.com/Jhon-Crow/godot-topdown-MVP/pull/783" --prefix-fork-name-with-owner-name --fork
[2026-02-15T19:20:10.195Z] [INFO] 
[2026-02-15T19:20:10.195Z] [INFO]      Option 3: Work directly on the repository (if you have write access)
[2026-02-15T19:20:10.195Z] [INFO]         ./solve.mjs "https://github.com/Jhon-Crow/godot-topdown-MVP/pull/783" --no-fork
[2026-02-15T19:20:10.195Z] [INFO] 
[2026-02-15T19:20:10.196Z] [INFO] 
[2026-02-15T19:20:10.196Z] [ERROR] ❌ Fork parent mismatch - fork was created from intermediate fork
[2026-02-15T19:20:10.197Z] [INFO] 📁 Full log file: /home/hive/solve-2026-02-15T19-19-01-626Z.log
